[2019-08-20T01:56:00,472][WARN ][o.e.d.s.ScriptModule     ] Script: returning default values for missing document values is deprecated. Set system property '-Des.scripting.exception_for_missing_value=true' to make behaviour compatible with future major versions.
[2019-08-20T02:14:22,609][WARN ][o.e.d.a.a.i.t.p.PutIndexTemplateRequest] Deprecated field [template] used, replaced by [index_patterns]
[2019-08-20T02:14:24,042][WARN ][o.e.d.a.a.i.t.p.PutIndexTemplateRequest] Deprecated field [template] used, replaced by [index_patterns]
[2019-08-20T02:14:24,530][WARN ][o.e.d.a.a.i.t.p.PutIndexTemplateRequest] Deprecated field [template] used, replaced by [index_patterns]
[2019-08-20T02:15:22,252][WARN ][o.e.d.c.ParseField       ] Deprecated field [all_fields] used, replaced by [Set [fields] to `*` instead]
[2019-08-20T02:15:22,281][WARN ][o.e.d.c.ParseField       ] Deprecated field [all_fields] used, replaced by [Set [fields] to `*` instead]
[2019-08-20T02:15:22,291][WARN ][o.e.d.c.ParseField       ] Deprecated field [inline] used, expected [source] instead
[2019-08-20T02:15:22,291][WARN ][o.e.d.c.ParseField       ] Deprecated field [inline] used, expected [source] instead
[2019-08-20T11:01:38,594][WARN ][o.e.d.s.ScriptModule     ] Script: returning default values for missing document values is deprecated. Set system property '-Des.scripting.exception_for_missing_value=true' to make behaviour compatible with future major versions.
[2019-08-20T11:03:54,932][WARN ][o.e.d.s.ScriptModule     ] Script: returning default values for missing document values is deprecated. Set system property '-Des.scripting.exception_for_missing_value=true' to make behaviour compatible with future major versions.
[2019-08-20T12:43:17,253][WARN ][o.e.d.c.m.MetaDataCreateIndexService] the default number of shards will change from [5] to [1] in 7.0.0; if you wish to continue using the default of [5] shards, you must manage this on the create index request or with an index template
[2019-08-20T12:52:16,552][WARN ][o.e.d.c.m.MetaDataCreateIndexService] the default number of shards will change from [5] to [1] in 7.0.0; if you wish to continue using the default of [5] shards, you must manage this on the create index request or with an index template
[2019-08-20T12:58:13,640][WARN ][o.e.d.c.m.MetaDataCreateIndexService] the default number of shards will change from [5] to [1] in 7.0.0; if you wish to continue using the default of [5] shards, you must manage this on the create index request or with an index template
[2019-08-20T15:08:43,629][WARN ][o.e.d.s.ScriptModule     ] Script: returning default values for missing document values is deprecated. Set system property '-Des.scripting.exception_for_missing_value=true' to make behaviour compatible with future major versions.
[2019-08-20T21:21:29,570][WARN ][o.e.d.s.ScriptModule     ] Script: returning default values for missing document values is deprecated. Set system property '-Des.scripting.exception_for_missing_value=true' to make behaviour compatible with future major versions.
[2019-08-20T21:30:37,909][WARN ][o.e.d.s.ScriptModule     ] Script: returning default values for missing document values is deprecated. Set system property '-Des.scripting.exception_for_missing_value=true' to make behaviour compatible with future major versions.
[2019-08-20T23:38:33,561][WARN ][o.e.d.s.ScriptModule     ] Script: returning default values for missing document values is deprecated. Set system property '-Des.scripting.exception_for_missing_value=true' to make behaviour compatible with future major versions.
[2019-08-21T15:19:44,189][WARN ][o.e.d.s.ScriptModule     ] Script: returning default values for missing document values is deprecated. Set system property '-Des.scripting.exception_for_missing_value=true' to make behaviour compatible with future major versions.
[2019-08-21T23:52:05,197][WARN ][o.e.d.s.ScriptModule     ] Script: returning default values for missing document values is deprecated. Set system property '-Des.scripting.exception_for_missing_value=true' to make behaviour compatible with future major versions.
[2019-08-22T00:28:56,891][WARN ][o.e.d.s.ScriptModule     ] Script: returning default values for missing document values is deprecated. Set system property '-Des.scripting.exception_for_missing_value=true' to make behaviour compatible with future major versions.
[2019-08-22T14:23:32,537][WARN ][o.e.d.s.ScriptModule     ] Script: returning default values for missing document values is deprecated. Set system property '-Des.scripting.exception_for_missing_value=true' to make behaviour compatible with future major versions.
[2019-08-23T13:06:08,594][WARN ][o.e.d.s.ScriptModule     ] Script: returning default values for missing document values is deprecated. Set system property '-Des.scripting.exception_for_missing_value=true' to make behaviour compatible with future major versions.
[2019-08-24T10:55:02,658][WARN ][o.e.d.s.ScriptModule     ] Script: returning default values for missing document values is deprecated. Set system property '-Des.scripting.exception_for_missing_value=true' to make behaviour compatible with future major versions.
[2019-08-24T15:02:05,977][WARN ][o.e.d.s.ScriptModule     ] Script: returning default values for missing document values is deprecated. Set system property '-Des.scripting.exception_for_missing_value=true' to make behaviour compatible with future major versions.
[2019-08-26T19:04:55,899][WARN ][o.e.d.s.ScriptModule     ] Script: returning default values for missing document values is deprecated. Set system property '-Des.scripting.exception_for_missing_value=true' to make behaviour compatible with future major versions.
[2019-08-26T21:53:03,185][WARN ][o.e.d.s.ScriptModule     ] Script: returning default values for missing document values is deprecated. Set system property '-Des.scripting.exception_for_missing_value=true' to make behaviour compatible with future major versions.
[2019-08-27T21:46:39,775][WARN ][o.e.d.s.ScriptModule     ] Script: returning default values for missing document values is deprecated. Set system property '-Des.scripting.exception_for_missing_value=true' to make behaviour compatible with future major versions.
[2019-08-28T12:21:28,605][WARN ][o.e.d.s.ScriptModule     ] Script: returning default values for missing document values is deprecated. Set system property '-Des.scripting.exception_for_missing_value=true' to make behaviour compatible with future major versions.
[2019-08-28T14:56:27,523][WARN ][o.e.d.s.ScriptModule     ] Script: returning default values for missing document values is deprecated. Set system property '-Des.scripting.exception_for_missing_value=true' to make behaviour compatible with future major versions.
[2019-08-29T18:57:02,107][WARN ][o.e.d.s.ScriptModule     ] Script: returning default values for missing document values is deprecated. Set system property '-Des.scripting.exception_for_missing_value=true' to make behaviour compatible with future major versions.
